modules/expo-headphone-detection/android/build/intermediates/manifest_merge_blame_file/debug/processDebugManifest/manifest-merger-blame-debug-report.txt
1<?xml version="1.0" encoding="utf-8"?>
2<manifest xmlns:android="http://schemas.android.com/apk/res/android"
3    package="expo.modules.headphonedetection" >
4
5    <uses-sdk android:minSdkVersion="24" />
6
7    <uses-permission android:name="android.permission.MODIFY_AUDIO_SETTINGS" />
7-->src/main/AndroidManifest.xml:2:3-78
7-->src/main/AndroidManifest.xml:2:20-75
8
9</manifest>